<?xml version="1.0" encoding="UTF-8"?>
<!-- Generated by org.testng.reporters.JUnitReportReporter -->
<testsuite hostname="LAPTOP-UL4VISUC" failures="0" tests="1" name="GitHub.NewTest1" time="0.013" errors="0" timestamp="2024-07-15T15:54:20 IST" skipped="0">
  <testcase classname="GitHub.NewTest1" name="f" time="0.013"/>
</testsuite> <!-- GitHub.NewTest1 -->
